This is pdfTeX, Version 3.14159265-2.6-1.40.15 (TeX Live 2014) (preloaded format=pdflatex 2014.5.25)  13 MAY 2016 11:55
entering extended mode
 restricted \write18 enabled.
 file:line:error style messages enabled.
 %&-line parsing enabled.
**paperdraft.tex
(./paperdraft.tex
LaTeX2e <2014/05/01>
Babel <3.9k> and hyphenation patterns for 78 languages loaded.
(/usr/local/texlive/2014/texmf-dist/tex/latex/emulateapj/emulateapj.cls
Document Class: emulateapj 
\bibbaselineskip=\skip41
(/usr/local/texlive/2014/texmf-dist/tex/latex/revtex/revtex4-1.cls
Document Class: revtex4-1 2010/07/25/20:33:00 4.1r (http://publish.aps.org/revt
ex4/ for documentation)
 Copyright (c) 2009 The American Physical Society.
 mailto:revtex@aps.org
 Licensed under the LPPL:
http://www.ctan.org/tex-archive/macros/latex/base/lppl.txt
 Arthur Ogawa <arthur_ogawa at sbcglobal dot net>
 Based on work by David Carlisle <david at dcarlisle.demon.co.uk>.
ltxutil[2010/07/25/20:33:00 4.1r utilities package (portions licensed from W. E
. Baxter web at superscript.com)]
LaTeX Info: Redefining \@centercr on input line 308.
Class revtex4-1 Info: Repairing broken LaTeX eqnarray on input line 358.
\eqncolsep=\skip42
Class revtex4-1 Info: Repairing hyperref-unfriendly LaTeX definition of \mpfoot
note on input line 433.
Class revtex4-1 Info: Repairing broken LateX \@sect on input line 755.
\intertabularlinepenalty=\count79
\@tbpen=\count80
\@arstrutbox@hline=\box26
Class revtex4-1 Info: Repairing broken LaTeX \@xbitor on input line 1786.
Class revtex4-1 Info: Making \typeout \long on input line 2046.
ltxfront[2010/07/25/20:33:00 4.1r frontmatter package (AO,DPC)]
\c@affil=\count81
\c@collab=\count82
\absbox=\box27
ltxgrid[2010/07/25/20:33:00 4.1r page grid package (portions licensed from W. E
. Baxter web at superscript.com)]
\c@linecount=\count83
\output@latex=\toks14
\box@size@1=\box28
\box@size@2=\box29
\@protection@box=\box30
\@topmark@saved=\toks15
\footins@saved=\box31
\footins@recovered=\box32
\column@recovered=\box33
\pagesofar=\box34
\footsofar=\box35
\pagegrid@col=\count84
Class revtex4-1 Info: Overriding \@vspace, \@vspacer, \@no@pgbk, \@newline, and
 \\  on input line 5578.
\c@part=\count85
\c@section=\count86
\c@subsection=\count87
\c@subsubsection=\count88
\c@paragraph=\count89
\c@subparagraph=\count90
\abovecaptionskip=\skip43
\belowcaptionskip=\skip44
\c@figure=\count91
\fbox@1=\box36
\c@table=\count92
\fbox@2=\box37
\c@video=\count93
\fbox@4=\box38
\@bibdataout=\write3
\widetext@top=\box39
\widetext@bot=\box40

Class revtex4-1 Warning: No Society specified, using default society aps.

(/usr/local/texlive/2014/texmf-dist/tex/latex/revtex/aps4-1.rtx
File: aps4-1 2010/07/25/20:33:00 4.1r (http://publish.aps.org/revtex4/ for docu
mentation)
Class revtex4-1 Info: RevTeX society APS selected on input line 31.
)

Class revtex4-1 Warning: No journal specified, using default pra.

Class revtex4-1 Info: APS journal PRA selected on input line 7545.

Class revtex4-1 Warning: No type size specified, using default 10.

(/usr/local/texlive/2014/texmf-dist/tex/latex/revtex/aps10pt4-1.rtx
File: aps10pt4-1 2010/07/25/20:33:00 4.1r (http://publish.aps.org/revtex4/ for 
documentation)
Class revtex4-1 Info: RevTeX pointsize 10pt selected on input line 30.
)
(/usr/local/texlive/2014/texmf-dist/tex/latex/textcase/textcase.sty
Package: textcase 2004/10/07 v0.07 Text only upper/lower case changing (DPC)
)
(/usr/local/texlive/2014/texmf-dist/tex/latex/url/url.sty
\Urlmuskip=\muskip10
Package: url 2013/09/16  ver 3.4  Verb mode for urls, etc.
)
(/usr/local/texlive/2014/texmf-dist/tex/latex/natbib/natbib.sty
Package: natbib 2010/09/13 8.31b (PWD, AO)
\bibhang=\skip45
\bibsep=\skip46
LaTeX Info: Redefining \cite on input line 694.
\c@NAT@ctr=\count94
)
Class revtex4-1 Info: Repairing natbib's \BibitemShut on input line 7549.

(/usr/local/texlive/2014/texmf-dist/tex/latex/revtex/revsymb4-1.sty
Package: revsymb4-1 2010/07/25/20:33:00 4.1r (http://publish.aps.org/revtex4/ f
or documentation)
LaTeX Info: Redefining \REV@mathfrak on input line 119.
))
(/usr/local/texlive/2014/texmf-dist/tex/latex/base/latexsym.sty
Package: latexsym 1998/08/17 v2.2e Standard LaTeX package (lasy symbols)
\symlasy=\mathgroup4
LaTeX Font Info:    Overwriting symbol font `lasy' in version `bold'
(Font)                  U/lasy/m/n --> U/lasy/b/n on input line 47.
)
(/usr/local/texlive/2014/texmf-dist/tex/latex/graphics/graphicx.sty
Package: graphicx 2014/04/25 v1.0g Enhanced LaTeX Graphics (DPC,SPQR)

(/usr/local/texlive/2014/texmf-dist/tex/latex/graphics/keyval.sty
Package: keyval 2014/05/08 v1.15 key=value parser (DPC)
\KV@toks@=\toks16
)
(/usr/local/texlive/2014/texmf-dist/tex/latex/graphics/graphics.sty
Package: graphics 2009/02/05 v1.0o Standard LaTeX Graphics (DPC,SPQR)

(/usr/local/texlive/2014/texmf-dist/tex/latex/graphics/trig.sty
Package: trig 1999/03/16 v1.09 sin cos tan (DPC)
)
(/usr/local/texlive/2014/texmf-dist/tex/latex/latexconfig/graphics.cfg
File: graphics.cfg 2010/04/23 v1.9 graphics configuration of TeX Live
)
Package graphics Info: Driver file: pdftex.def on input line 91.

(/usr/local/texlive/2014/texmf-dist/tex/latex/pdftex-def/pdftex.def
File: pdftex.def 2011/05/27 v0.06d Graphics/color for pdfTeX

(/usr/local/texlive/2014/texmf-dist/tex/generic/oberdiek/infwarerr.sty
Package: infwarerr 2010/04/08 v1.3 Providing info/warning/error messages (HO)
)
(/usr/local/texlive/2014/texmf-dist/tex/generic/oberdiek/ltxcmds.sty
Package: ltxcmds 2011/11/09 v1.22 LaTeX kernel commands for general use (HO)
)
\Gread@gobject=\count95
))
\Gin@req@height=\dimen102
\Gin@req@width=\dimen103
)
(/usr/local/texlive/2014/texmf-dist/tex/latex/amsfonts/amssymb.sty
Package: amssymb 2013/01/14 v3.01 AMS font symbols

(/usr/local/texlive/2014/texmf-dist/tex/latex/amsfonts/amsfonts.sty
Package: amsfonts 2013/01/14 v3.01 Basic AMSFonts support
\@emptytoks=\toks17
\symAMSa=\mathgroup5
\symAMSb=\mathgroup6
LaTeX Font Info:    Overwriting math alphabet `\mathfrak' in version `bold'
(Font)                  U/euf/m/n --> U/euf/b/n on input line 106.
LaTeX Info: Redefining \frak on input line 111.
LaTeX Info: Redefining \Bbb on input line 113.
))
(/usr/local/texlive/2014/texmf-dist/tex/latex/tools/longtable.sty
Package: longtable 2004/02/01 v4.11 Multi-page Table package (DPC)
\LTleft=\skip47
\LTright=\skip48
\LTpre=\skip49
\LTpost=\skip50
\LTchunksize=\count96
\LTcapwidth=\dimen104
\LT@head=\box41
\LT@firsthead=\box42
\LT@foot=\box43
\LT@lastfoot=\box44
\LT@cols=\count97
\LT@rows=\count98
\c@LT@tables=\count99
\c@LT@chunks=\count100
\LT@p@ftn=\toks18
)
(/usr/local/texlive/2014/texmf-dist/tex/generic/epsf/epsf.sty
This is `epsf.tex' v2.7.4 <14 February 2011>
\epsffilein=\read1
\epsfframemargin=\dimen105
\epsfframethickness=\dimen106
\epsfrsize=\dimen107
\epsftmp=\dimen108
\epsftsize=\dimen109
\epsfxsize=\dimen110
\epsfysize=\dimen111
\pspoints=\dimen112
)
\c@front@matter@foot@note=\count101
\alt@affil@toks=\toks19
\alt@affil@toks@count=\toks20
\keys@width=\skip51
\c@lastfootnote=\count102
\c@remember@figure@num=\count103
\c@remember@table@num=\count104
\bibindent=\dimen113
\plot@width=\skip52
\c@table@save=\count105
\table@note@skip=\skip53
\deluxe@table@width=\skip54
\@d@t@a=\skip55
\c@deluxe@table@num=\count106
\abovedeluxetableskip=\skip56
\belowdeluxetableskip=\skip57
\lastrowheight=\dimen114
\DT@p@ftn=\toks21
\pt@column=\count107
\pt@ncol=\count108
) (./apjfonts.sty
Package: apjfonts 1995/08/16{} Times + math package

(/usr/local/texlive/2014/texmf-dist/tex/latex/base/fontenc.sty
Package: fontenc 2005/09/27 v1.99g Standard LaTeX package

(/usr/local/texlive/2014/texmf-dist/tex/latex/base/t1enc.def
File: t1enc.def 2005/09/27 v1.99g Standard LaTeX file
LaTeX Font Info:    Redeclaring font encoding T1 on input line 43.
))
\symcmoperators=\mathgroup7
\symcmitoperators=\mathgroup8
LaTeX Font Info:    Redeclaring symbol font `operators' on input line 358.
LaTeX Font Info:    Overwriting symbol font `operators' in version `normal'
(Font)                  OT1/cmr/m/n --> OT1/ptm/m/n on input line 358.
LaTeX Font Info:    Overwriting symbol font `operators' in version `bold'
(Font)                  OT1/cmr/bx/n --> OT1/ptm/m/n on input line 358.
LaTeX Font Info:    Redeclaring symbol font `letters' on input line 358.
LaTeX Font Info:    Overwriting symbol font `letters' in version `normal'
(Font)                  OML/cmm/m/it --> OML/ptmcm/m/it on input line 358.
LaTeX Font Info:    Overwriting symbol font `letters' in version `bold'
(Font)                  OML/cmm/b/it --> OML/ptmcm/m/it on input line 358.
\symptmletters=\mathgroup9
\symcmletters=\mathgroup10
LaTeX Font Info:    Redeclaring symbol font `symbols' on input line 358.
LaTeX Font Info:    Overwriting symbol font `symbols' in version `normal'
(Font)                  OMS/cmsy/m/n --> OMS/cmsy/m/n on input line 358.
LaTeX Font Info:    Overwriting symbol font `symbols' in version `bold'
(Font)                  OMS/cmsy/b/n --> OMS/cmsy/m/n on input line 358.
\symptmsymbols=\mathgroup11
LaTeX Font Info:    Redeclaring symbol font `largesymbols' on input line 358.
LaTeX Font Info:    Overwriting symbol font `largesymbols' in version `normal'
(Font)                  OMX/cmex/m/n --> OMX/cmex/m/n on input line 358.
LaTeX Font Info:    Overwriting symbol font `largesymbols' in version `bold'
(Font)                  OMX/cmex/m/n --> OMX/cmex/m/n on input line 358.
\symbold=\mathgroup12
\symitalic=\mathgroup13
LaTeX Font Info:    Overwriting symbol font `cmoperators' in version `bold'
(Font)                  OT1/cmr/m/n --> OT1/cmr/b/n on input line 358.
LaTeX Font Info:    Overwriting symbol font `cmitoperators' in version `bold'
(Font)                  OT1/cmr/m/it --> OT1/cmr/bx/it on input line 358.
LaTeX Font Info:    Overwriting symbol font `operators' in version `bold'
(Font)                  OT1/ptm/m/n --> OT1/ptm/bx/n on input line 358.
LaTeX Font Info:    Overwriting symbol font `letters' in version `bold'
(Font)                  OML/ptmcm/m/it --> OML/ptmCM/b/it on input line 358.
LaTeX Font Info:    Overwriting symbol font `ptmletters' in version `bold'
(Font)                  OML/ptmcm/m/it --> OML/ptmCM/b/it on input line 358.
LaTeX Font Info:    Overwriting symbol font `cmletters' in version `bold'
(Font)                  OML/cmm/m/it --> OML/cmm/b/it on input line 358.
LaTeX Font Info:    Overwriting symbol font `symbols' in version `bold'
(Font)                  OMS/cmsy/m/n --> OMS/cmsy/b/n on input line 358.
LaTeX Font Info:    Overwriting symbol font `largesymbols' in version `bold'
(Font)                  OMX/cmex/m/n --> OMX/cmex/m/n on input line 358.
LaTeX Font Info:    Overwriting symbol font `bold' in version `bold'
(Font)                  OT1/ptm/bx/n --> OT1/ptm/bx/n on input line 358.
LaTeX Font Info:    Overwriting symbol font `italic' in version `bold'
(Font)                  OT1/ptm/m/it --> OT1/ptm/b/it on input line 358.
LaTeX Font Info:    Redeclaring math alphabet \mathbf on input line 358.
LaTeX Font Info:    Overwriting math alphabet `\mathbf' in version `normal'
(Font)                  OT1/cmr/bx/n --> OT1/ptm/bx/n on input line 358.
LaTeX Font Info:    Overwriting math alphabet `\mathbf' in version `bold'
(Font)                  OT1/cmr/bx/n --> OT1/ptm/bx/n on input line 358.
LaTeX Font Info:    Redeclaring math alphabet \mathit on input line 358.
LaTeX Font Info:    Overwriting math alphabet `\mathit' in version `normal'
(Font)                  OT1/cmr/m/it --> OT1/ptm/m/it on input line 358.
LaTeX Font Info:    Overwriting math alphabet `\mathit' in version `bold'
(Font)                  OT1/cmr/bx/it --> OT1/ptm/m/it on input line 358.
LaTeX Font Info:    Redeclaring math symbol \alpha on input line 358.
LaTeX Font Info:    Redeclaring math symbol \beta on input line 358.
LaTeX Font Info:    Redeclaring math symbol \gamma on input line 358.
LaTeX Font Info:    Redeclaring math symbol \delta on input line 358.
LaTeX Font Info:    Redeclaring math symbol \epsilon on input line 358.
LaTeX Font Info:    Redeclaring math symbol \zeta on input line 358.
LaTeX Font Info:    Redeclaring math symbol \eta on input line 358.
LaTeX Font Info:    Redeclaring math symbol \theta on input line 358.
LaTeX Font Info:    Redeclaring math symbol \iota on input line 358.
LaTeX Font Info:    Redeclaring math symbol \kappa on input line 358.
LaTeX Font Info:    Redeclaring math symbol \lambda on input line 358.
LaTeX Font Info:    Redeclaring math symbol \mu on input line 358.
LaTeX Font Info:    Redeclaring math symbol \nu on input line 358.
LaTeX Font Info:    Redeclaring math symbol \xi on input line 358.
LaTeX Font Info:    Redeclaring math symbol \pi on input line 358.
LaTeX Font Info:    Redeclaring math symbol \rho on input line 358.
LaTeX Font Info:    Redeclaring math symbol \sigma on input line 358.
LaTeX Font Info:    Redeclaring math symbol \tau on input line 358.
LaTeX Font Info:    Redeclaring math symbol \upsilon on input line 358.
LaTeX Font Info:    Redeclaring math symbol \phi on input line 358.
LaTeX Font Info:    Redeclaring math symbol \chi on input line 358.
LaTeX Font Info:    Redeclaring math symbol \psi on input line 358.
LaTeX Font Info:    Redeclaring math symbol \omega on input line 358.
LaTeX Font Info:    Redeclaring math symbol \varepsilon on input line 358.
LaTeX Font Info:    Redeclaring math symbol \vartheta on input line 358.
LaTeX Font Info:    Redeclaring math symbol \varrho on input line 358.
LaTeX Font Info:    Redeclaring math symbol \varsigma on input line 358.
LaTeX Font Info:    Redeclaring math symbol \varphi on input line 358.
LaTeX Font Info:    Redeclaring math symbol \partial on input line 358.
LaTeX Font Info:    Redeclaring math symbol \ell on input line 358.
LaTeX Font Info:    Redeclaring math symbol \ell on input line 358.
LaTeX Font Info:    Redeclaring math symbol \Gamma on input line 358.
LaTeX Font Info:    Redeclaring math symbol \Delta on input line 358.
LaTeX Font Info:    Redeclaring math symbol \Theta on input line 358.
LaTeX Font Info:    Redeclaring math symbol \Lambda on input line 358.
LaTeX Font Info:    Redeclaring math symbol \Xi on input line 358.
LaTeX Font Info:    Redeclaring math symbol \Pi on input line 358.
LaTeX Font Info:    Redeclaring math symbol \Sigma on input line 358.
LaTeX Font Info:    Redeclaring math symbol \Upsilon on input line 358.
LaTeX Font Info:    Redeclaring math symbol \Phi on input line 358.
LaTeX Font Info:    Redeclaring math symbol \Psi on input line 358.
LaTeX Font Info:    Redeclaring math symbol \Omega on input line 358.
LaTeX Font Info:    Redeclaring math accent \acute on input line 358.
LaTeX Font Info:    Redeclaring math accent \bar on input line 358.
LaTeX Font Info:    Redeclaring math accent \breve on input line 358.
LaTeX Font Info:    Redeclaring math accent \check on input line 358.
LaTeX Font Info:    Redeclaring math accent \ddot on input line 358.
LaTeX Font Info:    Redeclaring math accent \dot on input line 358.
LaTeX Font Info:    Redeclaring math accent \grave on input line 358.
LaTeX Font Info:    Redeclaring math accent \hat on input line 358.
LaTeX Font Info:    Redeclaring math accent \vec on input line 358.
)
(/usr/local/texlive/2014/texmf-dist/tex/latex/oberdiek/epstopdf.sty
Package: epstopdf 2010/02/09 v2.5 Conversion with epstopdf on the fly (HO)

(/usr/local/texlive/2014/texmf-dist/tex/latex/oberdiek/epstopdf-base.sty
Package: epstopdf-base 2010/02/09 v2.5 Base part for package epstopdf

(/usr/local/texlive/2014/texmf-dist/tex/latex/oberdiek/grfext.sty
Package: grfext 2010/08/19 v1.1 Manage graphics extensions (HO)

(/usr/local/texlive/2014/texmf-dist/tex/generic/oberdiek/kvdefinekeys.sty
Package: kvdefinekeys 2011/04/07 v1.3 Define keys (HO)
))
(/usr/local/texlive/2014/texmf-dist/tex/latex/oberdiek/kvoptions.sty
Package: kvoptions 2011/06/30 v3.11 Key value format for package options (HO)

(/usr/local/texlive/2014/texmf-dist/tex/generic/oberdiek/kvsetkeys.sty
Package: kvsetkeys 2012/04/25 v1.16 Key value parser (HO)

(/usr/local/texlive/2014/texmf-dist/tex/generic/oberdiek/etexcmds.sty
Package: etexcmds 2011/02/16 v1.5 Avoid name clashes with e-TeX commands (HO)

(/usr/local/texlive/2014/texmf-dist/tex/generic/oberdiek/ifluatex.sty
Package: ifluatex 2010/03/01 v1.3 Provides the ifluatex switch (HO)
Package ifluatex Info: LuaTeX not detected.
)
Package etexcmds Info: Could not find \expanded.
(etexcmds)             That can mean that you are not using pdfTeX 1.50 or
(etexcmds)             that some package has redefined \expanded.
(etexcmds)             In the latter case, load this package earlier.
)))
(/usr/local/texlive/2014/texmf-dist/tex/generic/oberdiek/pdftexcmds.sty
Package: pdftexcmds 2011/11/29 v0.20 Utility functions of pdfTeX for LuaTeX (HO
)

(/usr/local/texlive/2014/texmf-dist/tex/generic/oberdiek/ifpdf.sty
Package: ifpdf 2011/01/30 v2.3 Provides the ifpdf switch (HO)
Package ifpdf Info: pdfTeX in PDF mode is detected.
)
Package pdftexcmds Info: LuaTeX not detected.
Package pdftexcmds Info: \pdf@primitive is available.
Package pdftexcmds Info: \pdf@ifprimitive is available.
Package pdftexcmds Info: \pdfdraftmode found.
)
Package grfext Info: Graphics extension search list:
(grfext)             [.png,.pdf,.jpg,.mps,.jpeg,.jbig2,.jb2,.PNG,.PDF,.JPG,.JPE
G,.JBIG2,.JB2,.eps]
(grfext)             \AppendGraphicsExtensions on input line 452.

(/usr/local/texlive/2014/texmf-dist/tex/latex/latexconfig/epstopdf-sys.cfg
File: epstopdf-sys.cfg 2010/07/13 v1.3 Configuration of (r)epstopdf for TeX Liv
e
)))
(/usr/local/texlive/2014/texmf-dist/tex/latex/pdfpages/pdfpages.sty
Package: pdfpages 2013/08/25 v0.4v Insert pages of external PDF documents (AM)

(/usr/local/texlive/2014/texmf-dist/tex/latex/base/ifthen.sty
Package: ifthen 2001/05/26 v1.1c Standard LaTeX ifthen package (DPC)
)
(/usr/local/texlive/2014/texmf-dist/tex/latex/tools/calc.sty
Package: calc 2007/08/22 v4.3 Infix arithmetic (KKT,FJ)
\calc@Acount=\count109
\calc@Bcount=\count110
\calc@Adimen=\dimen115
\calc@Bdimen=\dimen116
\calc@Askip=\skip58
\calc@Bskip=\skip59
LaTeX Info: Redefining \setlength on input line 75.
LaTeX Info: Redefining \addtolength on input line 76.
\calc@Ccount=\count111
\calc@Cskip=\skip60
)
(/usr/local/texlive/2014/texmf-dist/tex/latex/eso-pic/eso-pic.sty
Package: eso-pic 2013/10/06 v2.0d eso-pic (RN)

(/usr/local/texlive/2014/texmf-dist/tex/generic/oberdiek/atbegshi.sty
Package: atbegshi 2011/10/05 v1.16 At begin shipout hook (HO)
)
(/usr/local/texlive/2014/texmf-dist/tex/latex/xcolor/xcolor.sty
Package: xcolor 2007/01/21 v2.11 LaTeX color extensions (UK)

(/usr/local/texlive/2014/texmf-dist/tex/latex/latexconfig/color.cfg
File: color.cfg 2007/01/18 v1.5 color configuration of teTeX/TeXLive
)
Package xcolor Info: Driver file: pdftex.def on input line 225.
Package xcolor Info: Model `cmy' substituted by `cmy0' on input line 1337.
Package xcolor Info: Model `hsb' substituted by `rgb' on input line 1341.
Package xcolor Info: Model `RGB' extended on input line 1353.
Package xcolor Info: Model `HTML' substituted by `rgb' on input line 1355.
Package xcolor Info: Model `Hsb' substituted by `hsb' on input line 1356.
Package xcolor Info: Model `tHsb' substituted by `hsb' on input line 1357.
Package xcolor Info: Model `HSB' substituted by `hsb' on input line 1358.
Package xcolor Info: Model `Gray' substituted by `gray' on input line 1359.
Package xcolor Info: Model `wave' substituted by `hsb' on input line 1360.
))
(/usr/local/texlive/2014/texmf-dist/tex/latex/pdfpages/pppdftex.def
File: pppdftex.def 2013/08/25 v0.4v Pdfpages driver for pdfTeX (AM)
)
\AM@pagebox=\box45
\AM@toc@title=\toks22
\c@AM@survey=\count112
\AM@templatesizebox=\box46
)
(/usr/local/texlive/2014/texmf-dist/tex/latex/was/gensymb.sty
Package: gensymb 2003/07/02 v1.0 (WaS)
)
(/usr/local/texlive/2014/texmf-dist/tex/latex/amsmath/amsmath.sty
Package: amsmath 2013/01/14 v2.14 AMS math features
\@mathmargin=\skip61

For additional information on amsmath, use the `?' option.
(/usr/local/texlive/2014/texmf-dist/tex/latex/amsmath/amstext.sty
Package: amstext 2000/06/29 v2.01

(/usr/local/texlive/2014/texmf-dist/tex/latex/amsmath/amsgen.sty
File: amsgen.sty 1999/11/30 v2.0
\@emptytoks=\toks23
\ex@=\dimen117
)
LaTeX Info: Redefining \text on input line 39.
)
(/usr/local/texlive/2014/texmf-dist/tex/latex/amsmath/amsbsy.sty
Package: amsbsy 1999/11/29 v1.2d
\pmbraise@=\dimen118
)
(/usr/local/texlive/2014/texmf-dist/tex/latex/amsmath/amsopn.sty
Package: amsopn 1999/12/14 v2.01 operator names
)
\inf@bad=\count113
LaTeX Info: Redefining \frac on input line 210.
\uproot@=\count114
\leftroot@=\count115
LaTeX Info: Redefining \overline on input line 306.
\classnum@=\count116
\DOTSCASE@=\count117
LaTeX Info: Redefining \ldots on input line 378.
LaTeX Info: Redefining \dots on input line 381.
LaTeX Info: Redefining \cdots on input line 466.
\Mathstrutbox@=\box47
\strutbox@=\box48
\big@size=\dimen119
LaTeX Font Info:    Redeclaring font encoding OML on input line 566.
LaTeX Font Info:    Redeclaring font encoding OMS on input line 567.
\macc@depth=\count118
\c@MaxMatrixCols=\count119
\dotsspace@=\muskip11
\c@parentequation=\count120
\dspbrk@lvl=\count121
\tag@help=\toks24
\row@=\count122
\column@=\count123
\maxfields@=\count124
\andhelp@=\toks25
\eqnshift@=\dimen120
\alignsep@=\dimen121
\tagshift@=\dimen122
\tagwidth@=\dimen123
\totwidth@=\dimen124
\lineht@=\dimen125
\@envbody=\toks26
\multlinegap=\skip62
\multlinetaggap=\skip63
\mathdisplay@stack=\toks27
LaTeX Info: Redefining \[ on input line 2665.
LaTeX Info: Redefining \] on input line 2666.
)
(/usr/local/texlive/2014/texmf-dist/tex/latex/base/textcomp.sty
Package: textcomp 2005/09/27 v1.99g Standard LaTeX package
Package textcomp Info: Sub-encoding information:
(textcomp)               5 = only ISO-Adobe without \textcurrency
(textcomp)               4 = 5 + \texteuro
(textcomp)               3 = 4 + \textohm
(textcomp)               2 = 3 + \textestimated + \textcurrency
(textcomp)               1 = TS1 - \textcircled - \t
(textcomp)               0 = TS1 (full)
(textcomp)             Font families with sub-encoding setting implement
(textcomp)             only a restricted character set as indicated.
(textcomp)             Family '?' is the default used for unknown fonts.
(textcomp)             See the documentation for details.
Package textcomp Info: Setting ? sub-encoding to TS1/1 on input line 71.

(/usr/local/texlive/2014/texmf-dist/tex/latex/base/ts1enc.def
File: ts1enc.def 2001/06/05 v3.0e (jk/car/fm) Standard LaTeX file
)
LaTeX Info: Redefining \oldstylenums on input line 266.
Package textcomp Info: Setting cmr sub-encoding to TS1/0 on input line 281.
Package textcomp Info: Setting cmss sub-encoding to TS1/0 on input line 282.
Package textcomp Info: Setting cmtt sub-encoding to TS1/0 on input line 283.
Package textcomp Info: Setting cmvtt sub-encoding to TS1/0 on input line 284.
Package textcomp Info: Setting cmbr sub-encoding to TS1/0 on input line 285.
Package textcomp Info: Setting cmtl sub-encoding to TS1/0 on input line 286.
Package textcomp Info: Setting ccr sub-encoding to TS1/0 on input line 287.
Package textcomp Info: Setting ptm sub-encoding to TS1/4 on input line 288.
Package textcomp Info: Setting pcr sub-encoding to TS1/4 on input line 289.
Package textcomp Info: Setting phv sub-encoding to TS1/4 on input line 290.
Package textcomp Info: Setting ppl sub-encoding to TS1/3 on input line 291.
Package textcomp Info: Setting pag sub-encoding to TS1/4 on input line 292.
Package textcomp Info: Setting pbk sub-encoding to TS1/4 on input line 293.
Package textcomp Info: Setting pnc sub-encoding to TS1/4 on input line 294.
Package textcomp Info: Setting pzc sub-encoding to TS1/4 on input line 295.
Package textcomp Info: Setting bch sub-encoding to TS1/4 on input line 296.
Package textcomp Info: Setting put sub-encoding to TS1/5 on input line 297.
Package textcomp Info: Setting uag sub-encoding to TS1/5 on input line 298.
Package textcomp Info: Setting ugq sub-encoding to TS1/5 on input line 299.
Package textcomp Info: Setting ul8 sub-encoding to TS1/4 on input line 300.
Package textcomp Info: Setting ul9 sub-encoding to TS1/4 on input line 301.
Package textcomp Info: Setting augie sub-encoding to TS1/5 on input line 302.
Package textcomp Info: Setting dayrom sub-encoding to TS1/3 on input line 303.
Package textcomp Info: Setting dayroms sub-encoding to TS1/3 on input line 304.

Package textcomp Info: Setting pxr sub-encoding to TS1/0 on input line 305.
Package textcomp Info: Setting pxss sub-encoding to TS1/0 on input line 306.
Package textcomp Info: Setting pxtt sub-encoding to TS1/0 on input line 307.
Package textcomp Info: Setting txr sub-encoding to TS1/0 on input line 308.
Package textcomp Info: Setting txss sub-encoding to TS1/0 on input line 309.
Package textcomp Info: Setting txtt sub-encoding to TS1/0 on input line 310.
Package textcomp Info: Setting lmr sub-encoding to TS1/0 on input line 311.
Package textcomp Info: Setting lmdh sub-encoding to TS1/0 on input line 312.
Package textcomp Info: Setting lmss sub-encoding to TS1/0 on input line 313.
Package textcomp Info: Setting lmssq sub-encoding to TS1/0 on input line 314.
Package textcomp Info: Setting lmvtt sub-encoding to TS1/0 on input line 315.
Package textcomp Info: Setting qhv sub-encoding to TS1/0 on input line 316.
Package textcomp Info: Setting qag sub-encoding to TS1/0 on input line 317.
Package textcomp Info: Setting qbk sub-encoding to TS1/0 on input line 318.
Package textcomp Info: Setting qcr sub-encoding to TS1/0 on input line 319.
Package textcomp Info: Setting qcs sub-encoding to TS1/0 on input line 320.
Package textcomp Info: Setting qpl sub-encoding to TS1/0 on input line 321.
Package textcomp Info: Setting qtm sub-encoding to TS1/0 on input line 322.
Package textcomp Info: Setting qzc sub-encoding to TS1/0 on input line 323.
Package textcomp Info: Setting qhvc sub-encoding to TS1/0 on input line 324.
Package textcomp Info: Setting futs sub-encoding to TS1/4 on input line 325.
Package textcomp Info: Setting futx sub-encoding to TS1/4 on input line 326.
Package textcomp Info: Setting futj sub-encoding to TS1/4 on input line 327.
Package textcomp Info: Setting hlh sub-encoding to TS1/3 on input line 328.
Package textcomp Info: Setting hls sub-encoding to TS1/3 on input line 329.
Package textcomp Info: Setting hlst sub-encoding to TS1/3 on input line 330.
Package textcomp Info: Setting hlct sub-encoding to TS1/5 on input line 331.
Package textcomp Info: Setting hlx sub-encoding to TS1/5 on input line 332.
Package textcomp Info: Setting hlce sub-encoding to TS1/5 on input line 333.
Package textcomp Info: Setting hlcn sub-encoding to TS1/5 on input line 334.
Package textcomp Info: Setting hlcw sub-encoding to TS1/5 on input line 335.
Package textcomp Info: Setting hlcf sub-encoding to TS1/5 on input line 336.
Package textcomp Info: Setting pplx sub-encoding to TS1/3 on input line 337.
Package textcomp Info: Setting pplj sub-encoding to TS1/3 on input line 338.
Package textcomp Info: Setting ptmx sub-encoding to TS1/4 on input line 339.
Package textcomp Info: Setting ptmj sub-encoding to TS1/4 on input line 340.
)
(/usr/local/texlive/2014/texmf-dist/tex/latex/hyperref/hyperref.sty
Package: hyperref 2012/11/06 v6.83m Hypertext links for LaTeX

(/usr/local/texlive/2014/texmf-dist/tex/generic/oberdiek/hobsub-hyperref.sty
Package: hobsub-hyperref 2012/05/28 v1.13 Bundle oberdiek, subset hyperref (HO)


(/usr/local/texlive/2014/texmf-dist/tex/generic/oberdiek/hobsub-generic.sty
Package: hobsub-generic 2012/05/28 v1.13 Bundle oberdiek, subset generic (HO)
Package: hobsub 2012/05/28 v1.13 Construct package bundles (HO)
Package hobsub Info: Skipping package `infwarerr' (already loaded).
Package hobsub Info: Skipping package `ltxcmds' (already loaded).
Package hobsub Info: Skipping package `ifluatex' (already loaded).
Package: ifvtex 2010/03/01 v1.5 Detect VTeX and its facilities (HO)
Package ifvtex Info: VTeX not detected.
Package: intcalc 2007/09/27 v1.1 Expandable calculations with integers (HO)
Package hobsub Info: Skipping package `ifpdf' (already loaded).
Package hobsub Info: Skipping package `etexcmds' (already loaded).
Package hobsub Info: Skipping package `kvsetkeys' (already loaded).
Package hobsub Info: Skipping package `kvdefinekeys' (already loaded).
Package hobsub Info: Skipping package `pdftexcmds' (already loaded).
Package: pdfescape 2011/11/25 v1.13 Implements pdfTeX's escape features (HO)
Package: bigintcalc 2012/04/08 v1.3 Expandable calculations on big integers (HO
)
Package: bitset 2011/01/30 v1.1 Handle bit-vector datatype (HO)
Package: uniquecounter 2011/01/30 v1.2 Provide unlimited unique counter (HO)
)
Package hobsub Info: Skipping package `hobsub' (already loaded).
Package: letltxmacro 2010/09/02 v1.4 Let assignment for LaTeX macros (HO)
Package: hopatch 2012/05/28 v1.2 Wrapper for package hooks (HO)
Package: xcolor-patch 2011/01/30 xcolor patch
Package: atveryend 2011/06/30 v1.8 Hooks at the very end of document (HO)
Package hobsub Info: Skipping package `atbegshi' (already loaded).
Package: refcount 2011/10/16 v3.4 Data extraction from label references (HO)
Package: hycolor 2011/01/30 v1.7 Color options for hyperref/bookmark (HO)
)
(/usr/local/texlive/2014/texmf-dist/tex/generic/ifxetex/ifxetex.sty
Package: ifxetex 2010/09/12 v0.6 Provides ifxetex conditional
)
(/usr/local/texlive/2014/texmf-dist/tex/latex/oberdiek/auxhook.sty
Package: auxhook 2011/03/04 v1.3 Hooks for auxiliary files (HO)
)
\@linkdim=\dimen126
\Hy@linkcounter=\count125
\Hy@pagecounter=\count126

(/usr/local/texlive/2014/texmf-dist/tex/latex/hyperref/pd1enc.def
File: pd1enc.def 2012/11/06 v6.83m Hyperref: PDFDocEncoding definition (HO)
)
\Hy@SavedSpaceFactor=\count127

(/usr/local/texlive/2014/texmf-dist/tex/latex/latexconfig/hyperref.cfg
File: hyperref.cfg 2002/06/06 v1.2 hyperref configuration of TeXLive
)
Package hyperref Info: Option `breaklinks' set `true' on input line 4319.
Package hyperref Info: Option `colorlinks' set `true' on input line 4319.
Package hyperref Info: Hyper figures OFF on input line 4443.
Package hyperref Info: Link nesting OFF on input line 4448.
Package hyperref Info: Hyper index ON on input line 4451.
Package hyperref Info: Plain pages OFF on input line 4458.
Package hyperref Info: Backreferencing OFF on input line 4463.
Package hyperref Info: Implicit mode ON; LaTeX internals redefined.
Package hyperref Info: Bookmarks ON on input line 4688.
LaTeX Info: Redefining \href on input line 4952.
\c@Hy@tempcnt=\count128
LaTeX Info: Redefining \url on input line 5041.
\XeTeXLinkMargin=\dimen127
\Fld@menulength=\count129
\Field@Width=\dimen128
\Fld@charsize=\dimen129
Package hyperref Info: Hyper figures OFF on input line 6295.
Package hyperref Info: Link nesting OFF on input line 6300.
Package hyperref Info: Hyper index ON on input line 6303.
Package hyperref Info: backreferencing OFF on input line 6310.
Package hyperref Info: Link coloring ON on input line 6313.
Package hyperref Info: Link coloring with OCG OFF on input line 6320.
Package hyperref Info: PDF/A mode OFF on input line 6325.
LaTeX Info: Redefining \ref on input line 6365.
LaTeX Info: Redefining \pageref on input line 6369.
\Hy@abspage=\count130
\c@Item=\count131
\c@Hfootnote=\count132
)

Package hyperref Message: Driver (autodetected): hpdftex.

(/usr/local/texlive/2014/texmf-dist/tex/latex/hyperref/hpdftex.def
File: hpdftex.def 2012/11/06 v6.83m Hyperref driver for pdfTeX
\Fld@listcount=\count133
\c@bookmark@seq@number=\count134

(/usr/local/texlive/2014/texmf-dist/tex/latex/oberdiek/rerunfilecheck.sty
Package: rerunfilecheck 2011/04/15 v1.7 Rerun checks for auxiliary files (HO)
Package uniquecounter Info: New unique counter `rerunfilecheck' on input line 2
82.
)
\Hy@SectionHShift=\skip64
)
(/usr/local/texlive/2014/texmf-dist/tex/latex/oberdiek/hypcap.sty
Package: hypcap 2011/02/16 v1.11 Adjusting the anchors of captions (HO)
)
Class revtex4-1 Info: Patching LaTeX tabular. on input line 24.
Class revtex4-1 Info: Patching unrecognized longtable package. (Proceeding with
 fingers crossed) on input line 24.
Class revtex4-1 Info: Robustifying \LaTeX's \boldmath command on input line 24.

Class revtex4-1 Info: cite was not loaded (OK!) on input line 24.
Class revtex4-1 Info: mcite was not loaded (OK!) on input line 24.
Class revtex4-1 Info: multicol was not loaded (OK!) on input line 24.

(./paperdraft.aux)
\openout1 = `paperdraft.aux'.

LaTeX Font Info:    Checking defaults for OML/cmm/m/it on input line 24.
LaTeX Font Info:    ... okay on input line 24.
LaTeX Font Info:    Checking defaults for T1/cmr/m/n on input line 24.
LaTeX Font Info:    ... okay on input line 24.
LaTeX Font Info:    Checking defaults for OT1/cmr/m/n on input line 24.
LaTeX Font Info:    ... okay on input line 24.
LaTeX Font Info:    Checking defaults for OMS/cmsy/m/n on input line 24.
LaTeX Font Info:    ... okay on input line 24.
LaTeX Font Info:    Checking defaults for OMX/cmex/m/n on input line 24.
LaTeX Font Info:    ... okay on input line 24.
LaTeX Font Info:    Checking defaults for U/cmr/m/n on input line 24.
LaTeX Font Info:    ... okay on input line 24.
LaTeX Font Info:    Checking defaults for TS1/cmr/m/n on input line 24.
LaTeX Font Info:    Try loading font information for TS1+cmr on input line 24.
 (/usr/local/texlive/2014/texmf-dist/tex/latex/base/ts1cmr.fd
File: ts1cmr.fd 1999/05/25 v2.5h Standard LaTeX font definitions
)
LaTeX Font Info:    ... okay on input line 24.
LaTeX Font Info:    Checking defaults for PD1/pdf/m/n on input line 24.
LaTeX Font Info:    ... okay on input line 24.
LaTeX Font Info:    Try loading font information for T1+ptm on input line 24.
 (/usr/local/texlive/2014/texmf-dist/tex/latex/psnfss/t1ptm.fd
File: t1ptm.fd 2001/06/04 font definitions for T1/ptm.
)
(/usr/local/texlive/2014/texmf-dist/tex/context/base/supp-pdf.mkii
[Loading MPS to PDF converter (version 2006.09.02).]
\scratchcounter=\count135
\scratchdimen=\dimen130
\scratchbox=\box49
\nofMPsegments=\count136
\nofMParguments=\count137
\everyMPshowfont=\toks28
\MPscratchCnt=\count138
\MPscratchDim=\dimen131
\MPnumerator=\count139
\makeMPintoPDFobject=\count140
\everyMPtoPDFconversion=\toks29
)
\AtBeginShipoutBox=\box50
\symgns@font=\mathgroup14
LaTeX Font Info:    Overwriting symbol font `gns@font' in version `bold'
(Font)                  TS1/ptm/m/n --> TS1/ptm/bx/n on input line 24.
Package gensymb Info: Math companion symbols declared on input line 24.
LaTeX Info: Redefining \degree on input line 24.
LaTeX Info: Redefining \celsius on input line 24.
Package gensymb Info: Using text companion symbols for \degree, \celsius and \p
erthousand on input line 24.
LaTeX Info: Redefining \ohm on input line 24.
Package gensymb Info: Using \textohm for \ohm on input line 24.
Package gensymb Info: Using \textmu for \micro on input line 24.
Package hyperref Info: Link coloring ON on input line 24.
 (/usr/local/texlive/2014/texmf-dist/tex/latex/hyperref/nameref.sty
Package: nameref 2012/10/27 v2.43 Cross-referencing by name of section

(/usr/local/texlive/2014/texmf-dist/tex/generic/oberdiek/gettitlestring.sty
Package: gettitlestring 2010/12/03 v1.4 Cleanup title references (HO)
)
\c@section@level=\count141
)
LaTeX Info: Redefining \ref on input line 24.
LaTeX Info: Redefining \pageref on input line 24.
LaTeX Info: Redefining \nameref on input line 24.

(./paperdraft.out) (./paperdraft.out)
\@outlinefile=\write4
\openout4 = `paperdraft.out'.

Class revtex4-1 Info: Taking \maketitle back from hyperref on input line 24.
\openout3 = `paperdraftNotes.bib'.

LaTeX Font Info:    Try loading font information for OT1+ptm on input line 46.

(/usr/local/texlive/2014/texmf-dist/tex/latex/psnfss/ot1ptm.fd
File: ot1ptm.fd 2001/06/04 font definitions for OT1/ptm.
)
LaTeX Font Info:    Try loading font information for OML+ptmcm on input line 46
.

(/usr/local/texlive/2014/texmf-dist/tex/latex/psnfss/omlptmcm.fd
File: omlptmcm.fd 2000/01/03 Fontinst v1.801 font definitions for OML/ptmcm.
)
LaTeX Font Info:    Try loading font information for U+lasy on input line 46.

(/usr/local/texlive/2014/texmf-dist/tex/latex/base/ulasy.fd
File: ulasy.fd 1998/08/17 v2.2e LaTeX symbol font definitions
)
LaTeX Font Info:    Try loading font information for U+msa on input line 46.

(/usr/local/texlive/2014/texmf-dist/tex/latex/amsfonts/umsa.fd
File: umsa.fd 2013/01/14 v3.01 AMS symbols A
)
LaTeX Font Info:    Try loading font information for U+msb on input line 46.

(/usr/local/texlive/2014/texmf-dist/tex/latex/amsfonts/umsb.fd
File: umsb.fd 2013/01/14 v3.01 AMS symbols B
)
LaTeX Font Info:    Try loading font information for U+psy on input line 46.

(/usr/local/texlive/2014/texmf-dist/tex/latex/psnfss/upsy.fd
File: upsy.fd 2001/06/04 font definitions for U/psy.
)
LaTeX Font Info:    Font shape `OT1/ptm/bx/n' in size <10> not available
(Font)              Font shape `OT1/ptm/b/n' tried instead on input line 46.
LaTeX Font Info:    Font shape `OT1/ptm/bx/n' in size <7> not available
(Font)              Font shape `OT1/ptm/b/n' tried instead on input line 46.
LaTeX Font Info:    Font shape `OT1/ptm/bx/n' in size <5> not available
(Font)              Font shape `OT1/ptm/b/n' tried instead on input line 46.
LaTeX Font Info:    Try loading font information for TS1+ptm on input line 46.

(/usr/local/texlive/2014/texmf-dist/tex/latex/psnfss/ts1ptm.fd
File: ts1ptm.fd 2001/06/04 font definitions for TS1/ptm.
)
LaTeX Font Info:    Font shape `OT1/ptm/bx/n' in size <9> not available
(Font)              Font shape `OT1/ptm/b/n' tried instead on input line 51.
LaTeX Font Info:    Font shape `OT1/ptm/bx/n' in size <6> not available
(Font)              Font shape `OT1/ptm/b/n' tried instead on input line 51.
LaTeX Font Info:    Font shape `OT1/ptm/bx/n' in size <8> not available
(Font)              Font shape `OT1/ptm/b/n' tried instead on input line 51.
 [1{/usr/local/texlive/2014/texmf-var/fonts/map/pdftex/updmap/pdftex.map}] [2]
LaTeX Font Info:    Try loading font information for T1+pcr on input line 101.

(/usr/local/texlive/2014/texmf-dist/tex/latex/psnfss/t1pcr.fd
File: t1pcr.fd 2001/06/04 font definitions for T1/pcr.
)
Package epstopdf Info: Source file: <galfitexample.eps>
(epstopdf)                    date: 2016-04-18 12:28:38
(epstopdf)                    size: 9386925 bytes
(epstopdf)             Output file: <galfitexample-eps-converted-to.pdf>
(epstopdf)                    date: 2016-04-18 12:38:38
(epstopdf)                    size: 646805 bytes
(epstopdf)             Command: <repstopdf --outfile=galfitexample-eps-converte
d-to.pdf galfitexample.eps>
(epstopdf)             \includegraphics on input line 110.
Package epstopdf Info: Output file is already uptodate.

<galfitexample-eps-converted-to.pdf, id=387, 803.0pt x 533.995pt>
File: galfitexample-eps-converted-to.pdf Graphic file (type pdf)

<use galfitexample-eps-converted-to.pdf>
Package pdftex.def Info: galfitexample-eps-converted-to.pdf used on input line 
110.
(pdftex.def)             Requested size: 401.49902pt x 266.99684pt.
LaTeX Font Info:    Font shape `T1/ptm/bx/n' in size <8> not available
(Font)              Font shape `T1/ptm/b/n' tried instead on input line 111.


Class revtex4-1 Warning: Float cannot be placed.

LaTeX Font Info:    Font shape `T1/ptm/bx/n' in size <10> not available
(Font)              Font shape `T1/ptm/b/n' tried instead on input line 127.
[3]

LaTeX Warning: A float is stuck (cannot be placed) on input line 130.

[4 <./galfitexample-eps-converted-to.pdf>] [5]
Package epstopdf Info: Source file: <coretoenvelopeims.eps>
(epstopdf)                    date: 2016-05-10 23:08:25
(epstopdf)                    size: 2323742 bytes
(epstopdf)             Output file: <coretoenvelopeims-eps-converted-to.pdf>
(epstopdf)                    date: 2016-05-10 23:08:44
(epstopdf)                    size: 174780 bytes
(epstopdf)             Command: <repstopdf --outfile=coretoenvelopeims-eps-conv
erted-to.pdf coretoenvelopeims.eps>
(epstopdf)             \includegraphics on input line 186.
Package epstopdf Info: Output file is already uptodate.

<coretoenvelopeims-eps-converted-to.pdf, id=457, 771.88374pt x 268.00125pt>
File: coretoenvelopeims-eps-converted-to.pdf Graphic file (type pdf)

<use coretoenvelopeims-eps-converted-to.pdf>
Package pdftex.def Info: coretoenvelopeims-eps-converted-to.pdf used on input l
ine 186.
(pdftex.def)             Requested size: 501.71849pt x 174.19873pt.
 [6] [7 <./coretoenvelopeims-eps-converted-to.pdf>]
Package epstopdf Info: Source file: <rf0078ppxffit.eps>
(epstopdf)                    date: 2016-04-17 18:40:40
(epstopdf)                    size: 1116810 bytes
(epstopdf)             Output file: <rf0078ppxffit-eps-converted-to.pdf>
(epstopdf)                    date: 2016-04-17 18:41:50
(epstopdf)                    size: 47233 bytes
(epstopdf)             Command: <repstopdf --outfile=rf0078ppxffit-eps-converte
d-to.pdf rf0078ppxffit.eps>
(epstopdf)             \includegraphics on input line 256.
Package epstopdf Info: Output file is already uptodate.

<rf0078ppxffit-eps-converted-to.pdf, id=553, 578.16pt x 434.62375pt>
File: rf0078ppxffit-eps-converted-to.pdf Graphic file (type pdf)

<use rf0078ppxffit-eps-converted-to.pdf>
Package pdftex.def Info: rf0078ppxffit-eps-converted-to.pdf used on input line 
256.
(pdftex.def)             Requested size: 231.2599pt x 173.8464pt.
Package epstopdf Info: Source file: <Reff_Mstars.eps>
(epstopdf)                    date: 2016-05-09 22:10:21
(epstopdf)                    size: 531785 bytes
(epstopdf)             Output file: <Reff_Mstars-eps-converted-to.pdf>
(epstopdf)                    date: 2016-05-09 22:10:54
(epstopdf)                    size: 316489 bytes
(epstopdf)             Command: <repstopdf --outfile=Reff_Mstars-eps-converted-
to.pdf Reff_Mstars.eps>
(epstopdf)             \includegraphics on input line 272.
Package epstopdf Info: Output file is already uptodate.

<Reff_Mstars-eps-converted-to.pdf, id=554, 433.62pt x 361.35pt>
File: Reff_Mstars-eps-converted-to.pdf Graphic file (type pdf)

<use Reff_Mstars-eps-converted-to.pdf>
Package pdftex.def Info: Reff_Mstars-eps-converted-to.pdf used on input line 27
2.
(pdftex.def)             Requested size: 433.61894pt x 361.34912pt.
 [8 <./rf0078ppxffit-eps-converted-to.pdf>]
Package epstopdf Info: Source file: <sfr_mbary.eps>
(epstopdf)                    date: 2016-05-10 20:31:49
(epstopdf)                    size: 940469 bytes
(epstopdf)             Output file: <sfr_mbary-eps-converted-to.pdf>
(epstopdf)                    date: 2016-05-10 20:32:34
(epstopdf)                    size: 572928 bytes
(epstopdf)             Command: <repstopdf --outfile=sfr_mbary-eps-converted-to
.pdf sfr_mbary.eps>
(epstopdf)             \includegraphics on input line 284.
Package epstopdf Info: Output file is already uptodate.
 <sfr_mbary-eps-converted-to.pdf, id=573, 794.97pt x 361.35pt>
File: sfr_mbary-eps-converted-to.pdf Graphic file (type pdf)

<use sfr_mbary-eps-converted-to.pdf>
Package pdftex.def Info: sfr_mbary-eps-converted-to.pdf used on input line 284.

(pdftex.def)             Requested size: 516.72438pt x 234.87471pt.

Overfull \hbox (3.60695pt too wide) in paragraph at lines 284--285
 [] 
 []

Package epstopdf Info: Source file: <nn_groupmass_2d.eps>
(epstopdf)                    date: 2016-05-09 22:10:21
(epstopdf)                    size: 468267 bytes
(epstopdf)             Output file: <nn_groupmass_2d-eps-converted-to.pdf>
(epstopdf)                    date: 2016-05-09 22:10:58
(epstopdf)                    size: 276836 bytes
(epstopdf)             Command: <repstopdf --outfile=nn_groupmass_2d-eps-conver
ted-to.pdf nn_groupmass_2d.eps>
(epstopdf)             \includegraphics on input line 296.
Package epstopdf Info: Output file is already uptodate.
<nn_groupmass_2d-eps-converted-to.pdf, id=577, 433.62pt x 361.35pt>
File: nn_groupmass_2d-eps-converted-to.pdf Graphic file (type pdf)

<use nn_groupmass_2d-eps-converted-to.pdf>
Package pdftex.def Info: nn_groupmass_2d-eps-converted-to.pdf used on input lin
e 296.
(pdftex.def)             Requested size: 433.61894pt x 361.34912pt.
Package epstopdf Info: Source file: <faber-jackson_resolvesigmas.eps>
(epstopdf)                    date: 2016-05-10 22:56:28
(epstopdf)                    size: 1071578 bytes
(epstopdf)             Output file: <faber-jackson_resolvesigmas-eps-converted-
to.pdf>
(epstopdf)                    date: 2016-05-10 22:59:19
(epstopdf)                    size: 55219 bytes
(epstopdf)             Command: <repstopdf --outfile=faber-jackson_resolvesigma
s-eps-converted-to.pdf faber-jackson_resolvesigmas.eps>
(epstopdf)             \includegraphics on input line 307.
Package epstopdf Info: Output file is already uptodate.

<faber-jackson_resolvesigmas-eps-converted-to.pdf, id=581, 408.52625pt x 348.30
125pt>
File: faber-jackson_resolvesigmas-eps-converted-to.pdf Graphic file (type pdf)
 <use faber-jackson_resolvesigmas-eps-converted-to.pdf>
Package pdftex.def Info: faber-jackson_resolvesigmas-eps-converted-to.pdf used 
on input line 307.
(pdftex.def)             Requested size: 408.52525pt x 348.3004pt.


Class revtex4-1 Warning: Float cannot be placed.

[9 <./Reff_Mstars-eps-converted-to.pdf>] [10 <./sfr_mbary-eps-converted-to.pdf>
]
Package epstopdf Info: Source file: <miniplots.eps>
(epstopdf)                    date: 2016-05-10 22:57:56
(epstopdf)                    size: 7188618 bytes
(epstopdf)             Output file: <miniplots-eps-converted-to.pdf>
(epstopdf)                    date: 2016-05-10 22:59:21
(epstopdf)                    size: 1054928 bytes
(epstopdf)             Command: <repstopdf --outfile=miniplots-eps-converted-to
.pdf miniplots.eps>
(epstopdf)             \includegraphics on input line 349.
Package epstopdf Info: Output file is already uptodate.
 <miniplots-eps-converted-to.pdf, id=633, 687.56876pt x 724.7075pt>
File: miniplots-eps-converted-to.pdf Graphic file (type pdf)

<use miniplots-eps-converted-to.pdf>
Package pdftex.def Info: miniplots-eps-converted-to.pdf used on input line 349.

(pdftex.def)             Requested size: 481.29485pt x 507.2918pt.


Class revtex4-1 Warning: Float cannot be placed.

Package epstopdf Info: Source file: <imageplots.eps>
(epstopdf)                    date: 2016-05-10 21:33:39
(epstopdf)                    size: 3983258 bytes
(epstopdf)             Output file: <imageplots-eps-converted-to.pdf>
(epstopdf)                    date: 2016-05-10 22:59:23
(epstopdf)                    size: 317833 bytes
(epstopdf)             Command: <repstopdf --outfile=imageplots-eps-converted-t
o.pdf imageplots.eps>
(epstopdf)             \includegraphics on input line 357.
Package epstopdf Info: Output file is already uptodate.
<imageplots-eps-converted-to.pdf, id=635, 674.52pt x 776.9025pt>
File: imageplots-eps-converted-to.pdf Graphic file (type pdf)

<use imageplots-eps-converted-to.pdf>
Package pdftex.def Info: imageplots-eps-converted-to.pdf used on input line 357
.
(pdftex.def)             Requested size: 472.16078pt x 543.82803pt.


Class revtex4-1 Warning: Float cannot be placed.

[11 <./nn_groupmass_2d-eps-converted-to.pdf>]

LaTeX Warning: A float is stuck (cannot be placed) on input line 375.

[12 <./faber-jackson_resolvesigmas-eps-converted-to.pdf>]

LaTeX Warning: A float is stuck (cannot be placed) on input line 375.


Class revtex4-1 Warning: Deferred float stuck during \clearpage processing.


Underfull \hbox (badness 1112) in paragraph at lines 383--384
 \T1/ptm/m/n/10 ``crossover'', based on their po-si-tion in the Faber-
 []

(./paperdraft.bbl [13]

LaTeX Warning: A float is stuck (cannot be placed) on input line 167.

[14 <./miniplots-eps-converted-to.pdf>]

LaTeX Warning: A float is stuck (cannot be placed) on input line 167.


Class revtex4-1 Warning: Deferred float stuck during \clearpage processing.

) <gemini_dr_user_guide.pdf, id=697, 614.295pt x 794.97pt>
File: gemini_dr_user_guide.pdf Graphic file (type pdf)

<use gemini_dr_user_guide.pdf>
Package pdftex.def Info: gemini_dr_user_guide.pdf used on input line 416.
(pdftex.def)             Requested size: 614.29349pt x 794.96806pt.
File: gemini_dr_user_guide.pdf Graphic file (type pdf)
 <use gemini_dr_user_guide.pdf>
Package pdftex.def Info: gemini_dr_user_guide.pdf used on input line 416.
(pdftex.def)             Requested size: 614.29349pt x 794.96806pt.
File: gemini_dr_user_guide.pdf Graphic file (type pdf)

<use gemini_dr_user_guide.pdf>
Package pdftex.def Info: gemini_dr_user_guide.pdf used on input line 416.
(pdftex.def)             Requested size: 614.29349pt x 794.96806pt.

<gemini_dr_user_guide.pdf, id=701, page=1, 614.295pt x 794.97pt>
File: gemini_dr_user_guide.pdf Graphic file (type pdf)

<use gemini_dr_user_guide.pdf, page 1>
Package pdftex.def Info: gemini_dr_user_guide.pdf, page1 used on input line 416
.
(pdftex.def)             Requested size: 614.29349pt x 794.96806pt.
File: gemini_dr_user_guide.pdf Graphic file (type pdf)
 <use gemini_dr_user_guide.pdf, page 1>
Package pdftex.def Info: gemini_dr_user_guide.pdf, page1 used on input line 416
.
(pdftex.def)             Requested size: 614.58406pt x 795.3441pt.
File: gemini_dr_user_guide.pdf Graphic file (type pdf)

<use gemini_dr_user_guide.pdf, page 1>
Package pdftex.def Info: gemini_dr_user_guide.pdf, page1 used on input line 416
.
(pdftex.def)             Requested size: 614.58406pt x 795.3441pt.
File: gemini_dr_user_guide.pdf Graphic file (type pdf)
 <use gemini_dr_user_guide.pdf, page 1>
Package pdftex.def Info: gemini_dr_user_guide.pdf, page1 used on input line 416
.
(pdftex.def)             Requested size: 614.58406pt x 795.3441pt.

[15]

LaTeX Warning: A float is stuck (cannot be placed) on input line 416.

[16 <./imageplots-eps-converted-to.pdf>]
File: gemini_dr_user_guide.pdf Graphic file (type pdf)

<use gemini_dr_user_guide.pdf, page 1>
Package pdftex.def Info: gemini_dr_user_guide.pdf, page1 used on input line 416
.
(pdftex.def)             Requested size: 614.58406pt x 795.3441pt.
File: gemini_dr_user_guide.pdf Graphic file (type pdf)
 <use gemini_dr_user_guide.pdf, page 1>
Package pdftex.def Info: gemini_dr_user_guide.pdf, page1 used on input line 416
.
(pdftex.def)             Requested size: 614.58406pt x 795.3441pt.
File: gemini_dr_user_guide.pdf Graphic file (type pdf)

<use gemini_dr_user_guide.pdf, page 1>
Package pdftex.def Info: gemini_dr_user_guide.pdf, page1 used on input line 416
.
(pdftex.def)             Requested size: 614.58406pt x 795.3441pt.
 [17 <./gemini_dr_user_guide.pdf>]
<gemini_dr_user_guide.pdf, id=748, page=2, 614.295pt x 794.97pt>
File: gemini_dr_user_guide.pdf Graphic file (type pdf)

<use gemini_dr_user_guide.pdf, page 2>
Package pdftex.def Info: gemini_dr_user_guide.pdf, page2 used on input line 416
.
(pdftex.def)             Requested size: 614.58406pt x 795.3441pt.
File: gemini_dr_user_guide.pdf Graphic file (type pdf)
 <use gemini_dr_user_guide.pdf, page 2>
Package pdftex.def Info: gemini_dr_user_guide.pdf, page2 used on input line 416
.
(pdftex.def)             Requested size: 614.58406pt x 795.3441pt.
File: gemini_dr_user_guide.pdf Graphic file (type pdf)

<use gemini_dr_user_guide.pdf, page 2>
Package pdftex.def Info: gemini_dr_user_guide.pdf, page2 used on input line 416
.
(pdftex.def)             Requested size: 614.58406pt x 795.3441pt.
 [18 <./gemini_dr_user_guide.pdf>]
<gemini_dr_user_guide.pdf, id=758, page=3, 614.295pt x 794.97pt>
File: gemini_dr_user_guide.pdf Graphic file (type pdf)

<use gemini_dr_user_guide.pdf, page 3>
Package pdftex.def Info: gemini_dr_user_guide.pdf, page3 used on input line 416
.
(pdftex.def)             Requested size: 614.58406pt x 795.3441pt.
File: gemini_dr_user_guide.pdf Graphic file (type pdf)
 <use gemini_dr_user_guide.pdf, page 3>
Package pdftex.def Info: gemini_dr_user_guide.pdf, page3 used on input line 416
.
(pdftex.def)             Requested size: 614.58406pt x 795.3441pt.
File: gemini_dr_user_guide.pdf Graphic file (type pdf)

<use gemini_dr_user_guide.pdf, page 3>
Package pdftex.def Info: gemini_dr_user_guide.pdf, page3 used on input line 416
.
(pdftex.def)             Requested size: 614.58406pt x 795.3441pt.
 [19 <./gemini_dr_user_guide.pdf>]
<gemini_dr_user_guide.pdf, id=764, page=4, 614.295pt x 794.97pt>
File: gemini_dr_user_guide.pdf Graphic file (type pdf)

<use gemini_dr_user_guide.pdf, page 4>
Package pdftex.def Info: gemini_dr_user_guide.pdf, page4 used on input line 416
.
(pdftex.def)             Requested size: 614.58406pt x 795.3441pt.
File: gemini_dr_user_guide.pdf Graphic file (type pdf)
 <use gemini_dr_user_guide.pdf, page 4>
Package pdftex.def Info: gemini_dr_user_guide.pdf, page4 used on input line 416
.
(pdftex.def)             Requested size: 614.58406pt x 795.3441pt.
File: gemini_dr_user_guide.pdf Graphic file (type pdf)

<use gemini_dr_user_guide.pdf, page 4>
Package pdftex.def Info: gemini_dr_user_guide.pdf, page4 used on input line 416
.
(pdftex.def)             Requested size: 614.58406pt x 795.3441pt.
 [20 <./gemini_dr_user_guide.pdf>]
<gemini_dr_user_guide.pdf, id=799, page=5, 614.295pt x 794.97pt>
File: gemini_dr_user_guide.pdf Graphic file (type pdf)

<use gemini_dr_user_guide.pdf, page 5>
Package pdftex.def Info: gemini_dr_user_guide.pdf, page5 used on input line 416
.
(pdftex.def)             Requested size: 614.58406pt x 795.3441pt.
File: gemini_dr_user_guide.pdf Graphic file (type pdf)
 <use gemini_dr_user_guide.pdf, page 5>
Package pdftex.def Info: gemini_dr_user_guide.pdf, page5 used on input line 416
.
(pdftex.def)             Requested size: 614.58406pt x 795.3441pt.
File: gemini_dr_user_guide.pdf Graphic file (type pdf)

<use gemini_dr_user_guide.pdf, page 5>
Package pdftex.def Info: gemini_dr_user_guide.pdf, page5 used on input line 416
.
(pdftex.def)             Requested size: 614.58406pt x 795.3441pt.
 [21 <./gemini_dr_user_guide.pdf>]
<gemini_dr_user_guide.pdf, id=809, page=6, 614.295pt x 794.97pt>
File: gemini_dr_user_guide.pdf Graphic file (type pdf)

<use gemini_dr_user_guide.pdf, page 6>
Package pdftex.def Info: gemini_dr_user_guide.pdf, page6 used on input line 416
.
(pdftex.def)             Requested size: 614.58406pt x 795.3441pt.
File: gemini_dr_user_guide.pdf Graphic file (type pdf)
 <use gemini_dr_user_guide.pdf, page 6>
Package pdftex.def Info: gemini_dr_user_guide.pdf, page6 used on input line 416
.
(pdftex.def)             Requested size: 614.58406pt x 795.3441pt.
File: gemini_dr_user_guide.pdf Graphic file (type pdf)

<use gemini_dr_user_guide.pdf, page 6>
Package pdftex.def Info: gemini_dr_user_guide.pdf, page6 used on input line 416
.
(pdftex.def)             Requested size: 614.58406pt x 795.3441pt.
 [22 <./gemini_dr_user_guide.pdf>]
<gemini_dr_user_guide.pdf, id=814, page=7, 614.295pt x 794.97pt>
File: gemini_dr_user_guide.pdf Graphic file (type pdf)

<use gemini_dr_user_guide.pdf, page 7>
Package pdftex.def Info: gemini_dr_user_guide.pdf, page7 used on input line 416
.
(pdftex.def)             Requested size: 614.58406pt x 795.3441pt.
File: gemini_dr_user_guide.pdf Graphic file (type pdf)
 <use gemini_dr_user_guide.pdf, page 7>
Package pdftex.def Info: gemini_dr_user_guide.pdf, page7 used on input line 416
.
(pdftex.def)             Requested size: 614.58406pt x 795.3441pt.
File: gemini_dr_user_guide.pdf Graphic file (type pdf)

<use gemini_dr_user_guide.pdf, page 7>
Package pdftex.def Info: gemini_dr_user_guide.pdf, page7 used on input line 416
.
(pdftex.def)             Requested size: 614.58406pt x 795.3441pt.
 [23 <./gemini_dr_user_guide.pdf>]
<gemini_dr_user_guide.pdf, id=819, page=8, 614.295pt x 794.97pt>
File: gemini_dr_user_guide.pdf Graphic file (type pdf)

<use gemini_dr_user_guide.pdf, page 8>
Package pdftex.def Info: gemini_dr_user_guide.pdf, page8 used on input line 416
.
(pdftex.def)             Requested size: 614.58406pt x 795.3441pt.
File: gemini_dr_user_guide.pdf Graphic file (type pdf)
 <use gemini_dr_user_guide.pdf, page 8>
Package pdftex.def Info: gemini_dr_user_guide.pdf, page8 used on input line 416
.
(pdftex.def)             Requested size: 614.58406pt x 795.3441pt.
File: gemini_dr_user_guide.pdf Graphic file (type pdf)

<use gemini_dr_user_guide.pdf, page 8>
Package pdftex.def Info: gemini_dr_user_guide.pdf, page8 used on input line 416
.
(pdftex.def)             Requested size: 614.58406pt x 795.3441pt.
 [24 <./gemini_dr_user_guide.pdf>]
<gemini_dr_user_guide.pdf, id=830, page=9, 614.295pt x 794.97pt>
File: gemini_dr_user_guide.pdf Graphic file (type pdf)

<use gemini_dr_user_guide.pdf, page 9>
Package pdftex.def Info: gemini_dr_user_guide.pdf, page9 used on input line 416
.
(pdftex.def)             Requested size: 614.58406pt x 795.3441pt.
File: gemini_dr_user_guide.pdf Graphic file (type pdf)
 <use gemini_dr_user_guide.pdf, page 9>
Package pdftex.def Info: gemini_dr_user_guide.pdf, page9 used on input line 416
.
(pdftex.def)             Requested size: 614.58406pt x 795.3441pt.
File: gemini_dr_user_guide.pdf Graphic file (type pdf)

<use gemini_dr_user_guide.pdf, page 9>
Package pdftex.def Info: gemini_dr_user_guide.pdf, page9 used on input line 416
.
(pdftex.def)             Requested size: 614.58406pt x 795.3441pt.
 [25 <./gemini_dr_user_guide.pdf>]
<gemini_dr_user_guide.pdf, id=838, page=10, 614.295pt x 794.97pt>
File: gemini_dr_user_guide.pdf Graphic file (type pdf)

<use gemini_dr_user_guide.pdf, page 10>
Package pdftex.def Info: gemini_dr_user_guide.pdf, page10 used on input line 41
6.
(pdftex.def)             Requested size: 614.58406pt x 795.3441pt.
File: gemini_dr_user_guide.pdf Graphic file (type pdf)

<use gemini_dr_user_guide.pdf, page 10>
Package pdftex.def Info: gemini_dr_user_guide.pdf, page10 used on input line 41
6.
(pdftex.def)             Requested size: 614.58406pt x 795.3441pt.
File: gemini_dr_user_guide.pdf Graphic file (type pdf)

<use gemini_dr_user_guide.pdf, page 10>
Package pdftex.def Info: gemini_dr_user_guide.pdf, page10 used on input line 41
6.
(pdftex.def)             Requested size: 614.58406pt x 795.3441pt.
 [26 <./gemini_dr_user_guide.pdf>]
<gemini_dr_user_guide.pdf, id=843, page=11, 614.295pt x 794.97pt>
File: gemini_dr_user_guide.pdf Graphic file (type pdf)

<use gemini_dr_user_guide.pdf, page 11>
Package pdftex.def Info: gemini_dr_user_guide.pdf, page11 used on input line 41
6.
(pdftex.def)             Requested size: 614.58406pt x 795.3441pt.
File: gemini_dr_user_guide.pdf Graphic file (type pdf)

<use gemini_dr_user_guide.pdf, page 11>
Package pdftex.def Info: gemini_dr_user_guide.pdf, page11 used on input line 41
6.
(pdftex.def)             Requested size: 614.58406pt x 795.3441pt.
File: gemini_dr_user_guide.pdf Graphic file (type pdf)

<use gemini_dr_user_guide.pdf, page 11>
Package pdftex.def Info: gemini_dr_user_guide.pdf, page11 used on input line 41
6.
(pdftex.def)             Requested size: 614.58406pt x 795.3441pt.
 [27 <./gemini_dr_user_guide.pdf>]
<gemini_dr_user_guide.pdf, id=848, page=12, 614.295pt x 794.97pt>
File: gemini_dr_user_guide.pdf Graphic file (type pdf)

<use gemini_dr_user_guide.pdf, page 12>
Package pdftex.def Info: gemini_dr_user_guide.pdf, page12 used on input line 41
6.
(pdftex.def)             Requested size: 614.58406pt x 795.3441pt.
File: gemini_dr_user_guide.pdf Graphic file (type pdf)

<use gemini_dr_user_guide.pdf, page 12>
Package pdftex.def Info: gemini_dr_user_guide.pdf, page12 used on input line 41
6.
(pdftex.def)             Requested size: 614.58406pt x 795.3441pt.
File: gemini_dr_user_guide.pdf Graphic file (type pdf)

<use gemini_dr_user_guide.pdf, page 12>
Package pdftex.def Info: gemini_dr_user_guide.pdf, page12 used on input line 41
6.
(pdftex.def)             Requested size: 614.58406pt x 795.3441pt.
 [28 <./gemini_dr_user_guide.pdf>]
<gemini_dr_user_guide.pdf, id=853, page=13, 614.295pt x 794.97pt>
File: gemini_dr_user_guide.pdf Graphic file (type pdf)

<use gemini_dr_user_guide.pdf, page 13>
Package pdftex.def Info: gemini_dr_user_guide.pdf, page13 used on input line 41
6.
(pdftex.def)             Requested size: 614.58406pt x 795.3441pt.
File: gemini_dr_user_guide.pdf Graphic file (type pdf)

<use gemini_dr_user_guide.pdf, page 13>
Package pdftex.def Info: gemini_dr_user_guide.pdf, page13 used on input line 41
6.
(pdftex.def)             Requested size: 614.58406pt x 795.3441pt.
File: gemini_dr_user_guide.pdf Graphic file (type pdf)

<use gemini_dr_user_guide.pdf, page 13>
Package pdftex.def Info: gemini_dr_user_guide.pdf, page13 used on input line 41
6.
(pdftex.def)             Requested size: 614.58406pt x 795.3441pt.
 [29 <./gemini_dr_user_guide.pdf>]
<gemini_dr_user_guide.pdf, id=861, page=14, 614.295pt x 794.97pt>
File: gemini_dr_user_guide.pdf Graphic file (type pdf)

<use gemini_dr_user_guide.pdf, page 14>
Package pdftex.def Info: gemini_dr_user_guide.pdf, page14 used on input line 41
6.
(pdftex.def)             Requested size: 614.58406pt x 795.3441pt.
File: gemini_dr_user_guide.pdf Graphic file (type pdf)

<use gemini_dr_user_guide.pdf, page 14>
Package pdftex.def Info: gemini_dr_user_guide.pdf, page14 used on input line 41
6.
(pdftex.def)             Requested size: 614.58406pt x 795.3441pt.
File: gemini_dr_user_guide.pdf Graphic file (type pdf)

<use gemini_dr_user_guide.pdf, page 14>
Package pdftex.def Info: gemini_dr_user_guide.pdf, page14 used on input line 41
6.
(pdftex.def)             Requested size: 614.58406pt x 795.3441pt.
 [30 <./gemini_dr_user_guide.pdf>]
<gemini_dr_user_guide.pdf, id=866, page=15, 614.295pt x 794.97pt>
File: gemini_dr_user_guide.pdf Graphic file (type pdf)

<use gemini_dr_user_guide.pdf, page 15>
Package pdftex.def Info: gemini_dr_user_guide.pdf, page15 used on input line 41
6.
(pdftex.def)             Requested size: 614.58406pt x 795.3441pt.
File: gemini_dr_user_guide.pdf Graphic file (type pdf)

<use gemini_dr_user_guide.pdf, page 15>
Package pdftex.def Info: gemini_dr_user_guide.pdf, page15 used on input line 41
6.
(pdftex.def)             Requested size: 614.58406pt x 795.3441pt.
File: gemini_dr_user_guide.pdf Graphic file (type pdf)

<use gemini_dr_user_guide.pdf, page 15>
Package pdftex.def Info: gemini_dr_user_guide.pdf, page15 used on input line 41
6.
(pdftex.def)             Requested size: 614.58406pt x 795.3441pt.
 [31 <./gemini_dr_user_guide.pdf>]
<gemini_dr_user_guide.pdf, id=879, page=16, 614.295pt x 794.97pt>
File: gemini_dr_user_guide.pdf Graphic file (type pdf)

<use gemini_dr_user_guide.pdf, page 16>
Package pdftex.def Info: gemini_dr_user_guide.pdf, page16 used on input line 41
6.
(pdftex.def)             Requested size: 614.58406pt x 795.3441pt.
File: gemini_dr_user_guide.pdf Graphic file (type pdf)

<use gemini_dr_user_guide.pdf, page 16>
Package pdftex.def Info: gemini_dr_user_guide.pdf, page16 used on input line 41
6.
(pdftex.def)             Requested size: 614.58406pt x 795.3441pt.
File: gemini_dr_user_guide.pdf Graphic file (type pdf)

<use gemini_dr_user_guide.pdf, page 16>
Package pdftex.def Info: gemini_dr_user_guide.pdf, page16 used on input line 41
6.
(pdftex.def)             Requested size: 614.58406pt x 795.3441pt.
 [32 <./gemini_dr_user_guide.pdf>]
<gemini_dr_user_guide.pdf, id=898, page=17, 614.295pt x 794.97pt>
File: gemini_dr_user_guide.pdf Graphic file (type pdf)

<use gemini_dr_user_guide.pdf, page 17>
Package pdftex.def Info: gemini_dr_user_guide.pdf, page17 used on input line 41
6.
(pdftex.def)             Requested size: 614.58406pt x 795.3441pt.
File: gemini_dr_user_guide.pdf Graphic file (type pdf)

<use gemini_dr_user_guide.pdf, page 17>
Package pdftex.def Info: gemini_dr_user_guide.pdf, page17 used on input line 41
6.
(pdftex.def)             Requested size: 614.58406pt x 795.3441pt.
File: gemini_dr_user_guide.pdf Graphic file (type pdf)

<use gemini_dr_user_guide.pdf, page 17>
Package pdftex.def Info: gemini_dr_user_guide.pdf, page17 used on input line 41
6.
(pdftex.def)             Requested size: 614.58406pt x 795.3441pt.
 [33 <./gemini_dr_user_guide.pdf>]
<gemini_dr_user_guide.pdf, id=904, page=18, 614.295pt x 794.97pt>
File: gemini_dr_user_guide.pdf Graphic file (type pdf)

<use gemini_dr_user_guide.pdf, page 18>
Package pdftex.def Info: gemini_dr_user_guide.pdf, page18 used on input line 41
6.
(pdftex.def)             Requested size: 614.58406pt x 795.3441pt.
File: gemini_dr_user_guide.pdf Graphic file (type pdf)

<use gemini_dr_user_guide.pdf, page 18>
Package pdftex.def Info: gemini_dr_user_guide.pdf, page18 used on input line 41
6.
(pdftex.def)             Requested size: 614.58406pt x 795.3441pt.
File: gemini_dr_user_guide.pdf Graphic file (type pdf)

<use gemini_dr_user_guide.pdf, page 18>
Package pdftex.def Info: gemini_dr_user_guide.pdf, page18 used on input line 41
6.
(pdftex.def)             Requested size: 614.58406pt x 795.3441pt.
 [34 <./gemini_dr_user_guide.pdf>]
<gemini_dr_user_guide.pdf, id=923, page=19, 614.295pt x 794.97pt>
File: gemini_dr_user_guide.pdf Graphic file (type pdf)

<use gemini_dr_user_guide.pdf, page 19>
Package pdftex.def Info: gemini_dr_user_guide.pdf, page19 used on input line 41
6.
(pdftex.def)             Requested size: 614.58406pt x 795.3441pt.
File: gemini_dr_user_guide.pdf Graphic file (type pdf)

<use gemini_dr_user_guide.pdf, page 19>
Package pdftex.def Info: gemini_dr_user_guide.pdf, page19 used on input line 41
6.
(pdftex.def)             Requested size: 614.58406pt x 795.3441pt.
File: gemini_dr_user_guide.pdf Graphic file (type pdf)

<use gemini_dr_user_guide.pdf, page 19>
Package pdftex.def Info: gemini_dr_user_guide.pdf, page19 used on input line 41
6.
(pdftex.def)             Requested size: 614.58406pt x 795.3441pt.
 [35 <./gemini_dr_user_guide.pdf>]
<gemini_dr_user_guide.pdf, id=946, page=20, 614.295pt x 794.97pt>
File: gemini_dr_user_guide.pdf Graphic file (type pdf)

<use gemini_dr_user_guide.pdf, page 20>
Package pdftex.def Info: gemini_dr_user_guide.pdf, page20 used on input line 41
6.
(pdftex.def)             Requested size: 614.58406pt x 795.3441pt.
File: gemini_dr_user_guide.pdf Graphic file (type pdf)

<use gemini_dr_user_guide.pdf, page 20>
Package pdftex.def Info: gemini_dr_user_guide.pdf, page20 used on input line 41
6.
(pdftex.def)             Requested size: 614.58406pt x 795.3441pt.
File: gemini_dr_user_guide.pdf Graphic file (type pdf)

<use gemini_dr_user_guide.pdf, page 20>
Package pdftex.def Info: gemini_dr_user_guide.pdf, page20 used on input line 41
6.
(pdftex.def)             Requested size: 614.58406pt x 795.3441pt.
 [36 <./gemini_dr_user_guide.pdf>]
<gemini_dr_user_guide.pdf, id=971, page=21, 614.295pt x 794.97pt>
File: gemini_dr_user_guide.pdf Graphic file (type pdf)

<use gemini_dr_user_guide.pdf, page 21>
Package pdftex.def Info: gemini_dr_user_guide.pdf, page21 used on input line 41
6.
(pdftex.def)             Requested size: 614.58406pt x 795.3441pt.
File: gemini_dr_user_guide.pdf Graphic file (type pdf)

<use gemini_dr_user_guide.pdf, page 21>
Package pdftex.def Info: gemini_dr_user_guide.pdf, page21 used on input line 41
6.
(pdftex.def)             Requested size: 614.58406pt x 795.3441pt.
File: gemini_dr_user_guide.pdf Graphic file (type pdf)

<use gemini_dr_user_guide.pdf, page 21>
Package pdftex.def Info: gemini_dr_user_guide.pdf, page21 used on input line 41
6.
(pdftex.def)             Requested size: 614.58406pt x 795.3441pt.
 [37 <./gemini_dr_user_guide.pdf>]
<gemini_dr_user_guide.pdf, id=977, page=22, 614.295pt x 794.97pt>
File: gemini_dr_user_guide.pdf Graphic file (type pdf)

<use gemini_dr_user_guide.pdf, page 22>
Package pdftex.def Info: gemini_dr_user_guide.pdf, page22 used on input line 41
6.
(pdftex.def)             Requested size: 614.58406pt x 795.3441pt.
File: gemini_dr_user_guide.pdf Graphic file (type pdf)

<use gemini_dr_user_guide.pdf, page 22>
Package pdftex.def Info: gemini_dr_user_guide.pdf, page22 used on input line 41
6.
(pdftex.def)             Requested size: 614.58406pt x 795.3441pt.
File: gemini_dr_user_guide.pdf Graphic file (type pdf)

<use gemini_dr_user_guide.pdf, page 22>
Package pdftex.def Info: gemini_dr_user_guide.pdf, page22 used on input line 41
6.
(pdftex.def)             Requested size: 614.58406pt x 795.3441pt.
 [38 <./gemini_dr_user_guide.pdf>]
<gemini_dr_user_guide.pdf, id=994, page=23, 614.295pt x 794.97pt>
File: gemini_dr_user_guide.pdf Graphic file (type pdf)

<use gemini_dr_user_guide.pdf, page 23>
Package pdftex.def Info: gemini_dr_user_guide.pdf, page23 used on input line 41
6.
(pdftex.def)             Requested size: 614.58406pt x 795.3441pt.
File: gemini_dr_user_guide.pdf Graphic file (type pdf)

<use gemini_dr_user_guide.pdf, page 23>
Package pdftex.def Info: gemini_dr_user_guide.pdf, page23 used on input line 41
6.
(pdftex.def)             Requested size: 614.58406pt x 795.3441pt.
File: gemini_dr_user_guide.pdf Graphic file (type pdf)

<use gemini_dr_user_guide.pdf, page 23>
Package pdftex.def Info: gemini_dr_user_guide.pdf, page23 used on input line 41
6.
(pdftex.def)             Requested size: 614.58406pt x 795.3441pt.
 [39 <./gemini_dr_user_guide.pdf>]
<gemini_dr_user_guide.pdf, id=999, page=24, 614.295pt x 794.97pt>
File: gemini_dr_user_guide.pdf Graphic file (type pdf)

<use gemini_dr_user_guide.pdf, page 24>
Package pdftex.def Info: gemini_dr_user_guide.pdf, page24 used on input line 41
6.
(pdftex.def)             Requested size: 614.58406pt x 795.3441pt.
File: gemini_dr_user_guide.pdf Graphic file (type pdf)

<use gemini_dr_user_guide.pdf, page 24>
Package pdftex.def Info: gemini_dr_user_guide.pdf, page24 used on input line 41
6.
(pdftex.def)             Requested size: 614.58406pt x 795.3441pt.
File: gemini_dr_user_guide.pdf Graphic file (type pdf)

<use gemini_dr_user_guide.pdf, page 24>
Package pdftex.def Info: gemini_dr_user_guide.pdf, page24 used on input line 41
6.
(pdftex.def)             Requested size: 614.58406pt x 795.3441pt.
 [40 <./gemini_dr_user_guide.pdf>]
<gemini_dr_user_guide.pdf, id=1046, page=25, 614.295pt x 794.97pt>
File: gemini_dr_user_guide.pdf Graphic file (type pdf)

<use gemini_dr_user_guide.pdf, page 25>
Package pdftex.def Info: gemini_dr_user_guide.pdf, page25 used on input line 41
6.
(pdftex.def)             Requested size: 614.58406pt x 795.3441pt.
File: gemini_dr_user_guide.pdf Graphic file (type pdf)

<use gemini_dr_user_guide.pdf, page 25>
Package pdftex.def Info: gemini_dr_user_guide.pdf, page25 used on input line 41
6.
(pdftex.def)             Requested size: 614.58406pt x 795.3441pt.
File: gemini_dr_user_guide.pdf Graphic file (type pdf)

<use gemini_dr_user_guide.pdf, page 25>
Package pdftex.def Info: gemini_dr_user_guide.pdf, page25 used on input line 41
6.
(pdftex.def)             Requested size: 614.58406pt x 795.3441pt.
 [41 <./gemini_dr_user_guide.pdf>]
<gemini_dr_user_guide.pdf, id=1051, page=26, 614.295pt x 794.97pt>
File: gemini_dr_user_guide.pdf Graphic file (type pdf)

<use gemini_dr_user_guide.pdf, page 26>
Package pdftex.def Info: gemini_dr_user_guide.pdf, page26 used on input line 41
6.
(pdftex.def)             Requested size: 614.58406pt x 795.3441pt.
File: gemini_dr_user_guide.pdf Graphic file (type pdf)

<use gemini_dr_user_guide.pdf, page 26>
Package pdftex.def Info: gemini_dr_user_guide.pdf, page26 used on input line 41
6.
(pdftex.def)             Requested size: 614.58406pt x 795.3441pt.
File: gemini_dr_user_guide.pdf Graphic file (type pdf)

<use gemini_dr_user_guide.pdf, page 26>
Package pdftex.def Info: gemini_dr_user_guide.pdf, page26 used on input line 41
6.
(pdftex.def)             Requested size: 614.58406pt x 795.3441pt.
 [42 <./gemini_dr_user_guide.pdf>]
<gemini_dr_user_guide.pdf, id=1057, page=27, 614.295pt x 794.97pt>
File: gemini_dr_user_guide.pdf Graphic file (type pdf)

<use gemini_dr_user_guide.pdf, page 27>
Package pdftex.def Info: gemini_dr_user_guide.pdf, page27 used on input line 41
6.
(pdftex.def)             Requested size: 614.58406pt x 795.3441pt.
File: gemini_dr_user_guide.pdf Graphic file (type pdf)

<use gemini_dr_user_guide.pdf, page 27>
Package pdftex.def Info: gemini_dr_user_guide.pdf, page27 used on input line 41
6.
(pdftex.def)             Requested size: 614.58406pt x 795.3441pt.
File: gemini_dr_user_guide.pdf Graphic file (type pdf)

<use gemini_dr_user_guide.pdf, page 27>
Package pdftex.def Info: gemini_dr_user_guide.pdf, page27 used on input line 41
6.
(pdftex.def)             Requested size: 614.58406pt x 795.3441pt.
 [43 <./gemini_dr_user_guide.pdf>]
<gemini_dr_user_guide.pdf, id=1064, page=28, 614.295pt x 794.97pt>
File: gemini_dr_user_guide.pdf Graphic file (type pdf)

<use gemini_dr_user_guide.pdf, page 28>
Package pdftex.def Info: gemini_dr_user_guide.pdf, page28 used on input line 41
6.
(pdftex.def)             Requested size: 614.58406pt x 795.3441pt.
File: gemini_dr_user_guide.pdf Graphic file (type pdf)

<use gemini_dr_user_guide.pdf, page 28>
Package pdftex.def Info: gemini_dr_user_guide.pdf, page28 used on input line 41
6.
(pdftex.def)             Requested size: 614.58406pt x 795.3441pt.
File: gemini_dr_user_guide.pdf Graphic file (type pdf)

<use gemini_dr_user_guide.pdf, page 28>
Package pdftex.def Info: gemini_dr_user_guide.pdf, page28 used on input line 41
6.
(pdftex.def)             Requested size: 614.58406pt x 795.3441pt.
 [44 <./gemini_dr_user_guide.pdf>]
<gemini_dr_user_guide.pdf, id=1069, page=29, 614.295pt x 794.97pt>
File: gemini_dr_user_guide.pdf Graphic file (type pdf)

<use gemini_dr_user_guide.pdf, page 29>
Package pdftex.def Info: gemini_dr_user_guide.pdf, page29 used on input line 41
6.
(pdftex.def)             Requested size: 614.58406pt x 795.3441pt.
File: gemini_dr_user_guide.pdf Graphic file (type pdf)

<use gemini_dr_user_guide.pdf, page 29>
Package pdftex.def Info: gemini_dr_user_guide.pdf, page29 used on input line 41
6.
(pdftex.def)             Requested size: 614.58406pt x 795.3441pt.
File: gemini_dr_user_guide.pdf Graphic file (type pdf)

<use gemini_dr_user_guide.pdf, page 29>
Package pdftex.def Info: gemini_dr_user_guide.pdf, page29 used on input line 41
6.
(pdftex.def)             Requested size: 614.58406pt x 795.3441pt.
 [45 <./gemini_dr_user_guide.pdf>]
<gemini_dr_user_guide.pdf, id=1075, page=30, 614.295pt x 794.97pt>
File: gemini_dr_user_guide.pdf Graphic file (type pdf)

<use gemini_dr_user_guide.pdf, page 30>
Package pdftex.def Info: gemini_dr_user_guide.pdf, page30 used on input line 41
6.
(pdftex.def)             Requested size: 614.58406pt x 795.3441pt.
File: gemini_dr_user_guide.pdf Graphic file (type pdf)

<use gemini_dr_user_guide.pdf, page 30>
Package pdftex.def Info: gemini_dr_user_guide.pdf, page30 used on input line 41
6.
(pdftex.def)             Requested size: 614.58406pt x 795.3441pt.
File: gemini_dr_user_guide.pdf Graphic file (type pdf)

<use gemini_dr_user_guide.pdf, page 30>
Package pdftex.def Info: gemini_dr_user_guide.pdf, page30 used on input line 41
6.
(pdftex.def)             Requested size: 614.58406pt x 795.3441pt.
 [46 <./gemini_dr_user_guide.pdf>]
<gemini_dr_user_guide.pdf, id=1081, page=31, 614.295pt x 794.97pt>
File: gemini_dr_user_guide.pdf Graphic file (type pdf)

<use gemini_dr_user_guide.pdf, page 31>
Package pdftex.def Info: gemini_dr_user_guide.pdf, page31 used on input line 41
6.
(pdftex.def)             Requested size: 614.58406pt x 795.3441pt.
File: gemini_dr_user_guide.pdf Graphic file (type pdf)

<use gemini_dr_user_guide.pdf, page 31>
Package pdftex.def Info: gemini_dr_user_guide.pdf, page31 used on input line 41
6.
(pdftex.def)             Requested size: 614.58406pt x 795.3441pt.
File: gemini_dr_user_guide.pdf Graphic file (type pdf)

<use gemini_dr_user_guide.pdf, page 31>
Package pdftex.def Info: gemini_dr_user_guide.pdf, page31 used on input line 41
6.
(pdftex.def)             Requested size: 614.58406pt x 795.3441pt.
 [47 <./gemini_dr_user_guide.pdf>]
<gemini_dr_user_guide.pdf, id=1088, page=32, 614.295pt x 794.97pt>
File: gemini_dr_user_guide.pdf Graphic file (type pdf)

<use gemini_dr_user_guide.pdf, page 32>
Package pdftex.def Info: gemini_dr_user_guide.pdf, page32 used on input line 41
6.
(pdftex.def)             Requested size: 614.58406pt x 795.3441pt.
File: gemini_dr_user_guide.pdf Graphic file (type pdf)

<use gemini_dr_user_guide.pdf, page 32>
Package pdftex.def Info: gemini_dr_user_guide.pdf, page32 used on input line 41
6.
(pdftex.def)             Requested size: 614.58406pt x 795.3441pt.
File: gemini_dr_user_guide.pdf Graphic file (type pdf)

<use gemini_dr_user_guide.pdf, page 32>
Package pdftex.def Info: gemini_dr_user_guide.pdf, page32 used on input line 41
6.
(pdftex.def)             Requested size: 614.58406pt x 795.3441pt.
 [48 <./gemini_dr_user_guide.pdf>]
[49]
Package atveryend Info: Empty hook `AfterLastShipout' on input line 418.
 (./paperdraft.aux)
Package atveryend Info: Executing hook `AtVeryEndDocument' on input line 418.
Package atveryend Info: Executing hook `AtEndAfterFileList' on input line 418.
Package rerunfilecheck Info: File `paperdraft.out' has not changed.
(rerunfilecheck)             Checksum: F53B74E38A033DBC44A2ADD0B42FC0E5;1669.


LaTeX Warning: Label(s) may have changed. Rerun to get cross-references right .


 ) 
Here is how much of TeX's memory you used:
 11146 strings out of 493117
 160185 string characters out of 6135433
 320412 words of memory out of 5000000
 14192 multiletter control sequences out of 15000+600000
 83031 words of font info for 125 fonts, out of 8000000 for 9000
 1141 hyphenation exceptions out of 8191
 43i,19n,48p,2344b,597s stack positions out of 5000i,500n,10000p,200000b,80000s
{/usr/local/texlive/2014/texmf-dist/fonts/enc/dvips/base/8r.enc}</usr/local/t
exlive/2014/texmf-dist/fonts/type1/public/amsfonts/cm/cmbx12.pfb></usr/local/te
xlive/2014/texmf-dist/fonts/type1/public/amsfonts/cm/cmmi10.pfb></usr/local/tex
live/2014/texmf-dist/fonts/type1/public/amsfonts/cm/cmmi12.pfb></usr/local/texl
ive/2014/texmf-dist/fonts/type1/public/amsfonts/cm/cmmi7.pfb></usr/local/texliv
e/2014/texmf-dist/fonts/type1/public/amsfonts/cm/cmmi8.pfb></usr/local/texlive/
2014/texmf-dist/fonts/type1/public/amsfonts/cm/cmr10.pfb></usr/local/texlive/20
14/texmf-dist/fonts/type1/public/amsfonts/cm/cmr12.pfb></usr/local/texlive/2014
/texmf-dist/fonts/type1/public/amsfonts/cm/cmr17.pfb></usr/local/texlive/2014/t
exmf-dist/fonts/type1/public/amsfonts/cm/cmr7.pfb></usr/local/texlive/2014/texm
f-dist/fonts/type1/public/amsfonts/cm/cmr8.pfb></usr/local/texlive/2014/texmf-d
ist/fonts/type1/public/amsfonts/cm/cmsy10.pfb></usr/local/texlive/2014/texmf-di
st/fonts/type1/public/amsfonts/cm/cmsy6.pfb></usr/local/texlive/2014/texmf-dist
/fonts/type1/public/amsfonts/cm/cmsy7.pfb></usr/local/texlive/2014/texmf-dist/f
onts/type1/public/amsfonts/cm/cmsy8.pfb></usr/local/texlive/2014/texmf-dist/fon
ts/type1/public/amsfonts/cm/cmtt10.pfb></usr/local/texlive/2014/texmf-dist/font
s/type1/public/amsfonts/cm/cmtt12.pfb></usr/local/texlive/2014/texmf-dist/fonts
/type1/public/amsfonts/symbols/msbm7.pfb></usr/local/texlive/2014/texmf-dist/fo
nts/type1/urw/courier/ucrr8a.pfb></usr/local/texlive/2014/texmf-dist/fonts/type
1/urw/symbol/usyr.pfb></usr/local/texlive/2014/texmf-dist/fonts/type1/urw/times
/utmb8a.pfb></usr/local/texlive/2014/texmf-dist/fonts/type1/urw/times/utmr8a.pf
b></usr/local/texlive/2014/texmf-dist/fonts/type1/urw/times/utmri8a.pfb>
Output written on paperdraft.pdf (49 pages, 5162360 bytes).
PDF statistics:
 1193 PDF objects out of 1200 (max. 8388607)
 990 compressed objects within 10 object streams
 187 named destinations out of 1000 (max. 500000)
 426 words of extra memory for PDF output out of 10000 (max. 10000000)

